[0.107s] DEBUG:colcon:Command line arguments: ['/usr/bin/colcon', 'build', '--symlink-install']
[0.108s] DEBUG:colcon:Parsed command line arguments: Namespace(log_base=None, log_level=None, verb_name='build', build_base='build', install_base='install', merge_install=False, symlink_install=True, test_result_base=None, continue_on_error=False, executor='parallel', parallel_workers=8, event_handlers=None, ignore_user_meta=False, metas=['./colcon.meta'], base_paths=['.'], packages_ignore=None, packages_ignore_regex=None, paths=None, packages_up_to=None, packages_up_to_regex=None, packages_above=None, packages_above_and_dependencies=None, packages_above_depth=None, packages_select_by_dep=None, packages_skip_by_dep=None, packages_skip_up_to=None, packages_select_build_failed=False, packages_skip_build_finished=False, packages_select_test_failures=False, packages_skip_test_passed=False, packages_select=None, packages_skip=None, packages_select_regex=None, packages_skip_regex=None, packages_start=None, packages_end=None, allow_overriding=[], cmake_args=None, cmake_target=None, cmake_target_skip_unavailable=False, cmake_clean_cache=False, cmake_clean_first=False, cmake_force_configure=False, ament_cmake_args=None, catkin_cmake_args=None, catkin_skip_building_tests=False, mixin_files=None, mixin=None, verb_parser=<colcon_mixin.mixin.mixin_argument.MixinArgumentDecorator object at 0x73a59211e4a0>, verb_extension=<colcon_core.verb.build.BuildVerb object at 0x73a59211de40>, main=<bound method BuildVerb.main of <colcon_core.verb.build.BuildVerb object at 0x73a59211de40>>, mixin_verb=('build',))
[0.278s] Level 1:colcon.colcon_core.package_discovery:discover_packages(colcon_meta) check parameters
[0.278s] Level 1:colcon.colcon_core.package_discovery:discover_packages(recursive) check parameters
[0.278s] Level 1:colcon.colcon_core.package_discovery:discover_packages(ignore) check parameters
[0.278s] Level 1:colcon.colcon_core.package_discovery:discover_packages(path) check parameters
[0.279s] Level 1:colcon.colcon_core.package_discovery:discover_packages(colcon_meta) discover
[0.279s] Level 1:colcon.colcon_core.package_discovery:discover_packages(recursive) discover
[0.279s] INFO:colcon.colcon_core.package_discovery:Crawling recursively for packages in '/home/bork/ros2_ws/src/hugogo'
[0.279s] Level 1:colcon.colcon_core.package_identification:_identify(.) by extensions ['ignore', 'ignore_ament_install']
[0.279s] Level 1:colcon.colcon_core.package_identification:_identify(.) by extension 'ignore'
[0.279s] Level 1:colcon.colcon_core.package_identification:_identify(.) by extension 'ignore_ament_install'
[0.279s] Level 1:colcon.colcon_core.package_identification:_identify(.) by extensions ['colcon_pkg']
[0.279s] Level 1:colcon.colcon_core.package_identification:_identify(.) by extension 'colcon_pkg'
[0.279s] Level 1:colcon.colcon_core.package_identification:_identify(.) by extensions ['colcon_meta']
[0.279s] Level 1:colcon.colcon_core.package_identification:_identify(.) by extension 'colcon_meta'
[0.279s] Level 1:colcon.colcon_core.package_identification:_identify(.) by extensions ['ros']
[0.279s] Level 1:colcon.colcon_core.package_identification:_identify(.) by extension 'ros'
[0.291s] DEBUG:colcon.colcon_core.package_identification:Package '.' with type 'ros.ament_cmake' and name 'hugogo'
[0.291s] Level 1:colcon.colcon_core.package_discovery:discover_packages(recursive) using defaults
[0.291s] Level 1:colcon.colcon_core.package_discovery:discover_packages(ignore) discover
[0.291s] Level 1:colcon.colcon_core.package_discovery:discover_packages(ignore) using defaults
[0.291s] Level 1:colcon.colcon_core.package_discovery:discover_packages(path) discover
[0.291s] Level 1:colcon.colcon_core.package_discovery:discover_packages(path) using defaults
[0.319s] Level 1:colcon.colcon_core.package_discovery:discover_packages(prefix_path) check parameters
[0.319s] Level 1:colcon.colcon_core.package_discovery:discover_packages(prefix_path) discover
[0.322s] DEBUG:colcon.colcon_installed_package_information.package_discovery:Found 438 installed packages in /opt/ros/humble
[0.324s] Level 1:colcon.colcon_core.package_discovery:discover_packages(prefix_path) using defaults
[0.376s] Level 5:colcon.colcon_core.verb:set package 'hugogo' build argument 'cmake_args' from command line to 'None'
[0.376s] Level 5:colcon.colcon_core.verb:set package 'hugogo' build argument 'cmake_target' from command line to 'None'
[0.376s] Level 5:colcon.colcon_core.verb:set package 'hugogo' build argument 'cmake_target_skip_unavailable' from command line to 'False'
[0.376s] Level 5:colcon.colcon_core.verb:set package 'hugogo' build argument 'cmake_clean_cache' from command line to 'False'
[0.377s] Level 5:colcon.colcon_core.verb:set package 'hugogo' build argument 'cmake_clean_first' from command line to 'False'
[0.377s] Level 5:colcon.colcon_core.verb:set package 'hugogo' build argument 'cmake_force_configure' from command line to 'False'
[0.377s] Level 5:colcon.colcon_core.verb:set package 'hugogo' build argument 'ament_cmake_args' from command line to 'None'
[0.377s] Level 5:colcon.colcon_core.verb:set package 'hugogo' build argument 'catkin_cmake_args' from command line to 'None'
[0.377s] Level 5:colcon.colcon_core.verb:set package 'hugogo' build argument 'catkin_skip_building_tests' from command line to 'False'
[0.377s] DEBUG:colcon.colcon_core.verb:Building package 'hugogo' with the following arguments: {'ament_cmake_args': None, 'build_base': '/home/bork/ros2_ws/src/hugogo/build/hugogo', 'catkin_cmake_args': None, 'catkin_skip_building_tests': False, 'cmake_args': None, 'cmake_clean_cache': False, 'cmake_clean_first': False, 'cmake_force_configure': False, 'cmake_target': None, 'cmake_target_skip_unavailable': False, 'install_base': '/home/bork/ros2_ws/src/hugogo/install/hugogo', 'merge_install': False, 'path': '/home/bork/ros2_ws/src/hugogo', 'symlink_install': True, 'test_result_base': None}
[0.377s] INFO:colcon.colcon_core.executor:Executing jobs using 'parallel' executor
[0.378s] DEBUG:colcon.colcon_parallel_executor.executor.parallel:run_until_complete
[0.378s] INFO:colcon.colcon_ros.task.ament_cmake.build:Building ROS package in '/home/bork/ros2_ws/src/hugogo' with build type 'ament_cmake'
[0.378s] INFO:colcon.colcon_cmake.task.cmake.build:Building CMake package in '/home/bork/ros2_ws/src/hugogo'
[0.380s] INFO:colcon.colcon_core.plugin_system:Skipping extension 'colcon_core.shell.bat': Not used on non-Windows systems
[0.380s] INFO:colcon.colcon_core.shell:Skip shell extension 'powershell' for command environment: Not usable outside of PowerShell
[0.380s] DEBUG:colcon.colcon_core.shell:Skip shell extension 'dsv' for command environment
[0.388s] DEBUG:colcon.colcon_core.event_handler.log_command:Invoking command in '/home/bork/ros2_ws/src/hugogo/build/hugogo': CMAKE_PREFIX_PATH=/opt/ros/humble /usr/bin/cmake /home/bork/ros2_ws/src/hugogo -DAMENT_CMAKE_SYMLINK_INSTALL=1 -DCMAKE_INSTALL_PREFIX=/home/bork/ros2_ws/src/hugogo/install/hugogo
[1.154s] DEBUG:colcon.colcon_core.event_handler.log_command:Invoked command in '/home/bork/ros2_ws/src/hugogo/build/hugogo' returned '0': CMAKE_PREFIX_PATH=/opt/ros/humble /usr/bin/cmake /home/bork/ros2_ws/src/hugogo -DAMENT_CMAKE_SYMLINK_INSTALL=1 -DCMAKE_INSTALL_PREFIX=/home/bork/ros2_ws/src/hugogo/install/hugogo
[1.156s] DEBUG:colcon.colcon_core.event_handler.log_command:Invoking command in '/home/bork/ros2_ws/src/hugogo/build/hugogo': CMAKE_PREFIX_PATH=/opt/ros/humble /usr/bin/cmake --build /home/bork/ros2_ws/src/hugogo/build/hugogo -- -j8 -l8
[1.195s] DEBUG:colcon.colcon_core.event_handler.log_command:Invoked command in '/home/bork/ros2_ws/src/hugogo/build/hugogo' returned '0': CMAKE_PREFIX_PATH=/opt/ros/humble /usr/bin/cmake --build /home/bork/ros2_ws/src/hugogo/build/hugogo -- -j8 -l8
[1.207s] DEBUG:colcon.colcon_core.event_handler.log_command:Invoking command in '/home/bork/ros2_ws/src/hugogo/build/hugogo': CMAKE_PREFIX_PATH=/opt/ros/humble /usr/bin/cmake --install /home/bork/ros2_ws/src/hugogo/build/hugogo
[1.441s] Level 1:colcon.colcon_core.environment:create_environment_scripts_only(hugogo)
[1.442s] DEBUG:colcon.colcon_core.event_handler.log_command:Invoked command in '/home/bork/ros2_ws/src/hugogo/build/hugogo' returned '0': CMAKE_PREFIX_PATH=/opt/ros/humble /usr/bin/cmake --install /home/bork/ros2_ws/src/hugogo/build/hugogo
[1.444s] Level 1:colcon.colcon_core.environment:checking '/home/bork/ros2_ws/src/hugogo/install/hugogo' for CMake module files
[1.444s] Level 1:colcon.colcon_core.environment:checking '/home/bork/ros2_ws/src/hugogo/install/hugogo' for CMake config files
[1.445s] Level 1:colcon.colcon_core.shell:create_environment_hook('hugogo', 'cmake_prefix_path')
[1.445s] INFO:colcon.colcon_core.shell:Creating environment hook '/home/bork/ros2_ws/src/hugogo/install/hugogo/share/hugogo/hook/cmake_prefix_path.ps1'
[1.445s] INFO:colcon.colcon_core.shell:Creating environment descriptor '/home/bork/ros2_ws/src/hugogo/install/hugogo/share/hugogo/hook/cmake_prefix_path.dsv'
[1.446s] INFO:colcon.colcon_core.shell:Creating environment hook '/home/bork/ros2_ws/src/hugogo/install/hugogo/share/hugogo/hook/cmake_prefix_path.sh'
[1.446s] Level 1:colcon.colcon_core.environment:checking '/home/bork/ros2_ws/src/hugogo/install/hugogo/bin'
[1.446s] Level 1:colcon.colcon_core.environment:checking '/home/bork/ros2_ws/src/hugogo/install/hugogo/lib/pkgconfig/hugogo.pc'
[1.447s] Level 1:colcon.colcon_core.environment:checking '/home/bork/ros2_ws/src/hugogo/install/hugogo/lib/python3.10/site-packages'
[1.447s] Level 1:colcon.colcon_core.environment:checking '/home/bork/ros2_ws/src/hugogo/install/hugogo/bin'
[1.447s] INFO:colcon.colcon_core.shell:Creating package script '/home/bork/ros2_ws/src/hugogo/install/hugogo/share/hugogo/package.ps1'
[1.448s] INFO:colcon.colcon_core.shell:Creating package descriptor '/home/bork/ros2_ws/src/hugogo/install/hugogo/share/hugogo/package.dsv'
[1.448s] INFO:colcon.colcon_core.shell:Creating package script '/home/bork/ros2_ws/src/hugogo/install/hugogo/share/hugogo/package.sh'
[1.449s] INFO:colcon.colcon_core.shell:Creating package script '/home/bork/ros2_ws/src/hugogo/install/hugogo/share/hugogo/package.bash'
[1.450s] INFO:colcon.colcon_core.shell:Creating package script '/home/bork/ros2_ws/src/hugogo/install/hugogo/share/hugogo/package.zsh'
[1.450s] Level 1:colcon.colcon_core.environment:create_file_with_runtime_dependencies(/home/bork/ros2_ws/src/hugogo/install/hugogo/share/colcon-core/packages/hugogo)
[1.451s] Level 1:colcon.colcon_core.environment:create_environment_scripts_only(hugogo)
[1.451s] Level 1:colcon.colcon_core.environment:checking '/home/bork/ros2_ws/src/hugogo/install/hugogo' for CMake module files
[1.451s] Level 1:colcon.colcon_core.environment:checking '/home/bork/ros2_ws/src/hugogo/install/hugogo' for CMake config files
[1.452s] Level 1:colcon.colcon_core.shell:create_environment_hook('hugogo', 'cmake_prefix_path')
[1.452s] INFO:colcon.colcon_core.shell:Creating environment hook '/home/bork/ros2_ws/src/hugogo/install/hugogo/share/hugogo/hook/cmake_prefix_path.ps1'
[1.452s] INFO:colcon.colcon_core.shell:Creating environment descriptor '/home/bork/ros2_ws/src/hugogo/install/hugogo/share/hugogo/hook/cmake_prefix_path.dsv'
[1.452s] INFO:colcon.colcon_core.shell:Creating environment hook '/home/bork/ros2_ws/src/hugogo/install/hugogo/share/hugogo/hook/cmake_prefix_path.sh'
[1.453s] Level 1:colcon.colcon_core.environment:checking '/home/bork/ros2_ws/src/hugogo/install/hugogo/bin'
[1.453s] Level 1:colcon.colcon_core.environment:checking '/home/bork/ros2_ws/src/hugogo/install/hugogo/lib/pkgconfig/hugogo.pc'
[1.453s] Level 1:colcon.colcon_core.environment:checking '/home/bork/ros2_ws/src/hugogo/install/hugogo/lib/python3.10/site-packages'
[1.453s] Level 1:colcon.colcon_core.environment:checking '/home/bork/ros2_ws/src/hugogo/install/hugogo/bin'
[1.454s] INFO:colcon.colcon_core.shell:Creating package script '/home/bork/ros2_ws/src/hugogo/install/hugogo/share/hugogo/package.ps1'
[1.454s] INFO:colcon.colcon_core.shell:Creating package descriptor '/home/bork/ros2_ws/src/hugogo/install/hugogo/share/hugogo/package.dsv'
[1.455s] INFO:colcon.colcon_core.shell:Creating package script '/home/bork/ros2_ws/src/hugogo/install/hugogo/share/hugogo/package.sh'
[1.455s] INFO:colcon.colcon_core.shell:Creating package script '/home/bork/ros2_ws/src/hugogo/install/hugogo/share/hugogo/package.bash'
[1.455s] INFO:colcon.colcon_core.shell:Creating package script '/home/bork/ros2_ws/src/hugogo/install/hugogo/share/hugogo/package.zsh'
[1.456s] Level 1:colcon.colcon_core.environment:create_file_with_runtime_dependencies(/home/bork/ros2_ws/src/hugogo/install/hugogo/share/colcon-core/packages/hugogo)
[1.456s] DEBUG:colcon.colcon_parallel_executor.executor.parallel:closing loop
[1.456s] DEBUG:colcon.colcon_parallel_executor.executor.parallel:loop closed
[1.456s] DEBUG:colcon.colcon_parallel_executor.executor.parallel:run_until_complete finished with '0'
[1.457s] DEBUG:colcon.colcon_core.event_reactor:joining thread
[1.461s] INFO:colcon.colcon_core.plugin_system:Skipping extension 'colcon_notification.desktop_notification.terminal_notifier': Not used on non-Darwin systems
[1.461s] INFO:colcon.colcon_core.plugin_system:Skipping extension 'colcon_notification.desktop_notification.win32': Not used on non-Windows systems
[1.461s] INFO:colcon.colcon_notification.desktop_notification:Sending desktop notification using 'notify2'
[1.473s] DEBUG:colcon.colcon_core.event_reactor:joined thread
[1.473s] INFO:colcon.colcon_core.shell:Creating prefix script '/home/bork/ros2_ws/src/hugogo/install/local_setup.ps1'
[1.474s] INFO:colcon.colcon_core.shell:Creating prefix util module '/home/bork/ros2_ws/src/hugogo/install/_local_setup_util_ps1.py'
[1.475s] INFO:colcon.colcon_core.shell:Creating prefix chain script '/home/bork/ros2_ws/src/hugogo/install/setup.ps1'
[1.476s] INFO:colcon.colcon_core.shell:Creating prefix script '/home/bork/ros2_ws/src/hugogo/install/local_setup.sh'
[1.477s] INFO:colcon.colcon_core.shell:Creating prefix util module '/home/bork/ros2_ws/src/hugogo/install/_local_setup_util_sh.py'
[1.477s] INFO:colcon.colcon_core.shell:Creating prefix chain script '/home/bork/ros2_ws/src/hugogo/install/setup.sh'
[1.478s] INFO:colcon.colcon_core.shell:Creating prefix script '/home/bork/ros2_ws/src/hugogo/install/local_setup.bash'
[1.479s] INFO:colcon.colcon_core.shell:Creating prefix chain script '/home/bork/ros2_ws/src/hugogo/install/setup.bash'
[1.479s] INFO:colcon.colcon_core.shell:Creating prefix script '/home/bork/ros2_ws/src/hugogo/install/local_setup.zsh'
[1.480s] INFO:colcon.colcon_core.shell:Creating prefix chain script '/home/bork/ros2_ws/src/hugogo/install/setup.zsh'
