[0.010s] Invoking command in '/home/bork/ros2_ws/src/hugogo/build/hugogo': CMAKE_PREFIX_PATH=/opt/ros/humble /usr/bin/cmake /home/bork/ros2_ws/src/hugogo -DAMENT_CMAKE_SYMLINK_INSTALL=1 -DCMAKE_INSTALL_PREFIX=/home/bork/ros2_ws/src/hugogo/install/hugogo
[0.090s] -- The C compiler identification is GNU 11.4.0
[0.193s] -- The CXX compiler identification is GNU 11.4.0
[0.201s] -- Detecting C compiler ABI info
[0.271s] -- Detecting C compiler ABI info - done
[0.278s] -- Check for working C compiler: /usr/bin/cc - skipped
[0.279s] -- Detecting C compile features
[0.279s] -- Detecting C compile features - done
[0.282s] -- Detecting CXX compiler ABI info
[0.379s] -- Detecting CXX compiler ABI info - done
[0.387s] -- Check for working CXX compiler: /usr/bin/c++ - skipped
[0.388s] -- Detecting CXX compile features
[0.388s] -- Detecting CXX compile features - done
[0.392s] -- Found ament_cmake: 1.3.12 (/opt/ros/humble/share/ament_cmake/cmake)
[0.551s] -- Found Python3: /usr/bin/python3 (found version "3.10.12") found components: Interpreter 
[0.611s] -- Override CMake install command with custom implementation using symlinks instead of copying resources
[0.643s] -- Found ament_lint_auto: 0.12.14 (/opt/ros/humble/share/ament_lint_auto/cmake)
[0.723s] -- Added test 'copyright' to check source files copyright and LICENSE
[0.733s] -- Added test 'cppcheck' to perform static code analysis on C / C++ code
[0.733s] -- Configured cppcheck include dirs: 
[0.733s] -- Configured cppcheck exclude dirs and/or files: 
[0.744s] -- Added test 'cpplint' to check C / C++ code against the Google style
[0.744s] -- Configured cpplint exclude dirs and/or files: 
[0.746s] -- Added test 'flake8' to check Python code syntax and style conventions
[0.749s] -- Added test 'lint_cmake' to check CMake code style
[0.751s] -- Added test 'pep257' to check Python code against some of the docstring style conventions in PEP 257
[0.761s] -- Added test 'uncrustify' to check C / C++ code style
[0.762s] -- Configured uncrustify additional arguments: 
[0.763s] -- Added test 'xmllint' to check XML markup files
[0.766s] -- Configuring done
[0.769s] -- Generating done
[0.771s] -- Build files have been written to: /home/bork/ros2_ws/src/hugogo/build/hugogo
[0.776s] Invoked command in '/home/bork/ros2_ws/src/hugogo/build/hugogo' returned '0': CMAKE_PREFIX_PATH=/opt/ros/humble /usr/bin/cmake /home/bork/ros2_ws/src/hugogo -DAMENT_CMAKE_SYMLINK_INSTALL=1 -DCMAKE_INSTALL_PREFIX=/home/bork/ros2_ws/src/hugogo/install/hugogo
[0.778s] Invoking command in '/home/bork/ros2_ws/src/hugogo/build/hugogo': CMAKE_PREFIX_PATH=/opt/ros/humble /usr/bin/cmake --build /home/bork/ros2_ws/src/hugogo/build/hugogo -- -j8 -l8
[0.817s] Invoked command in '/home/bork/ros2_ws/src/hugogo/build/hugogo' returned '0': CMAKE_PREFIX_PATH=/opt/ros/humble /usr/bin/cmake --build /home/bork/ros2_ws/src/hugogo/build/hugogo -- -j8 -l8
[0.828s] Invoking command in '/home/bork/ros2_ws/src/hugogo/build/hugogo': CMAKE_PREFIX_PATH=/opt/ros/humble /usr/bin/cmake --install /home/bork/ros2_ws/src/hugogo/build/hugogo
[0.836s] -- Install configuration: ""
[0.836s] -- Execute custom install script
[0.837s] -- Symlinking: /home/bork/ros2_ws/src/hugogo/install/hugogo/share/hugogo/config/empty.yaml
[0.846s] -- Symlinking: /home/bork/ros2_ws/src/hugogo/install/hugogo/share/hugogo/config/view_bot.rviz
[0.855s] -- Symlinking: /home/bork/ros2_ws/src/hugogo/install/hugogo/share/hugogo/description/inertial_macros.xacro
[0.864s] -- Symlinking: /home/bork/ros2_ws/src/hugogo/install/hugogo/share/hugogo/description/robot.urdf.xacro
[0.873s] -- Symlinking: /home/bork/ros2_ws/src/hugogo/install/hugogo/share/hugogo/description/robot_core.xacro
[0.884s] -- Symlinking: /home/bork/ros2_ws/src/hugogo/install/hugogo/share/hugogo/launch/launch_sim.launch.py
[0.895s] -- Symlinking: /home/bork/ros2_ws/src/hugogo/install/hugogo/share/hugogo/launch/rsp.launch.py
[0.907s] -- Symlinking: /home/bork/ros2_ws/src/hugogo/install/hugogo/share/hugogo/worlds/empty.world
[0.917s] -- Symlinking: /home/bork/ros2_ws/src/hugogo/install/hugogo/share/ament_index/resource_index/package_run_dependencies/hugogo
[0.929s] -- Symlinking: /home/bork/ros2_ws/src/hugogo/install/hugogo/share/ament_index/resource_index/parent_prefix_path/hugogo
[0.939s] -- Symlinking: /home/bork/ros2_ws/src/hugogo/install/hugogo/share/hugogo/environment/ament_prefix_path.sh
[0.949s] -- Symlinking: /home/bork/ros2_ws/src/hugogo/install/hugogo/share/hugogo/environment/ament_prefix_path.dsv
[0.958s] -- Symlinking: /home/bork/ros2_ws/src/hugogo/install/hugogo/share/hugogo/environment/path.sh
[0.968s] -- Symlinking: /home/bork/ros2_ws/src/hugogo/install/hugogo/share/hugogo/environment/path.dsv
[0.978s] -- Symlinking: /home/bork/ros2_ws/src/hugogo/install/hugogo/share/hugogo/local_setup.bash
[0.987s] -- Symlinking: /home/bork/ros2_ws/src/hugogo/install/hugogo/share/hugogo/local_setup.sh
[0.996s] -- Symlinking: /home/bork/ros2_ws/src/hugogo/install/hugogo/share/hugogo/local_setup.zsh
[1.006s] -- Symlinking: /home/bork/ros2_ws/src/hugogo/install/hugogo/share/hugogo/local_setup.dsv
[1.015s] -- Symlinking: /home/bork/ros2_ws/src/hugogo/install/hugogo/share/hugogo/package.dsv
[1.025s] -- Symlinking: /home/bork/ros2_ws/src/hugogo/install/hugogo/share/ament_index/resource_index/packages/hugogo
[1.034s] -- Symlinking: /home/bork/ros2_ws/src/hugogo/install/hugogo/share/hugogo/cmake/hugogoConfig.cmake
[1.043s] -- Symlinking: /home/bork/ros2_ws/src/hugogo/install/hugogo/share/hugogo/cmake/hugogoConfig-version.cmake
[1.053s] -- Symlinking: /home/bork/ros2_ws/src/hugogo/install/hugogo/share/hugogo/package.xml
[1.064s] Invoked command in '/home/bork/ros2_ws/src/hugogo/build/hugogo' returned '0': CMAKE_PREFIX_PATH=/opt/ros/humble /usr/bin/cmake --install /home/bork/ros2_ws/src/hugogo/build/hugogo
